12:27:37.654|info   |[App] Starting Flyway Desktop 9.0.0
12:27:37.668|info   |[App] Setting logging level to Default.
12:27:37.668|info   |[Permit] Using permit licensing
12:27:37.689|info   |[PUR] Starting permits based PUR
12:27:37.829|info   |[App] Getting flyway version information
12:27:37.830|info   |[App] Calling "C:\Program Files\Red Gate\Flyway Desktop\flyway\flyway.cmd" "version" "-outputType=json" "-outputProgress=true" "-skipCheckForUpdate" "-workingDirectory=C:\PROGRA~1\Red Gate\Flyway Desktop"
12:27:39.100|info   |[Permit] Reading last saved online permit from offline store
12:27:39.128|info   |[App] Getting environment variable FLYWAY_DESKTOP_HIDE_AI_POPUPS with value: undefined
12:27:39.129|info   |[CFU] Started update check
12:27:39.138|info   |[Permit] error with license on permit - 24b1d986-8713-4b0c-a228-abde8f67c54c: version 6 is too low
12:27:39.138|info   |[Permit] error with license on permit - 5dffecab-4dba-44da-8c33-1d8cb2f80c57: version 8 is too low
12:27:39.138|info   |[Permit] Using license with ID '85ef6b6c-0225-439e-8422-86149b0c4477'
12:27:39.168|info   |[Permit] Regenerating access token using refresh token
12:27:39.277|info   |[CFU] Check (automatic) requested while another was in progress, using existing check
12:27:39.977|info   |[CFU] update found: Redgate Flyway Desktop 9.1.0.0
12:27:40.092|info   |[Permit] ID token saved successfully
12:27:40.094|info   |[Permit] Scopes saved successfully
12:27:40.094|info   |[Permit] Fetching new permit using access token.
12:27:41.759|info   |[Permit] error with license on permit - 24b1d986-8713-4b0c-a228-abde8f67c54c: version 6 is too low
12:27:41.759|info   |[Permit] error with license on permit - 5dffecab-4dba-44da-8c33-1d8cb2f80c57: version 8 is too low
12:27:41.759|info   |[Permit] Using license with ID '85ef6b6c-0225-439e-8422-86149b0c4477'
12:27:42.988|info   |[App] Flyway CLI version: 12.0.1-rc1419
12:27:42.988|info   |[App] Redgate Compare version: 1.50.2.2734
12:27:58.298|error  |[Electron] Timeout reached, showing main window
12:45:31.613|info   |[App] loading settings from C:\Users\andrew.pierce\OneDrive - Redgate\Documents 1\GitHub\Flyway-AutoPilot-FastTrack\flyway.toml
12:45:31.640|warn   |[PUR] Unable to report PUR event: "Token has expired"
12:45:31.642|info   |[App] Calling "C:\Program Files\Red Gate\Flyway Desktop\flyway\flyway.cmd" "comparison-capabilities" "-outputType=json" "-outputProgress=true" "-skipCheckForUpdate" "-databaseType=SqlServer" "-workingDirectory=C:\Users\andrew.pierce\OneDrive - Redgate\Documents 1\GitHub\Flyway-AutoPilot-FastTrack" "-configFiles=C:\Users\andrew.pierce\OneDrive - Redgate\Documents 1\GitHub\Flyway-AutoPilot-FastTrack\flyway.toml"
12:45:33.576|info   |[Capabilities] ["SCHEMA_MODEL_COMPARE","SCHEMA_MODEL_SAVE","SCHEMA_MODEL_APPLY","SCHEMA_MODEL_STATIC_DATA","COMPARE_MIGRATIONS","GENERATE_MIGRATIONS","GENERATE_BASELINE","AUTOMATED_DEPLOYMENT","BASELINE_MIGRATIONS","UNDO_MIGRATIONS","DEPLOYMENT_REPORTS","CHERRY_PICK","SECRETS_MANAGEMENT","SCHEMA_MODEL_STATIC_DATA_CUSTOMIZATION","DRY_RUN","VERSION_CONTROL","BATCH","DETECT_ENCODING","ERROR_OVERRIDES","JDBC_PROPERTIES","KERBEROS","ORACLE_SQL_PLUS","ORACLE_WALLET","OUTPUT_QUERY_RESULTS","SCRIPT_MIGRATIONS","SKIP_EXECUTING_MIGRATIONS","STREAM","MANAGE_MIGRATIONS","PROVISIONING","DEPLOYMENT","DEPLOY_RULES","ENVIRONMENTS_PAGE","PROVISIONING_SNAPSHOT","PROVISIONING_BACKUP","PROVISIONING_CREATE_DATABASE","CONFIGURE_COMPARISON_OPTIONS","CONFIGURE_COMPARISON_FILTER","GUIDED_SHADOW"]
12:45:33.656|info   |[App] loading settings from C:\Users\andrew.pierce\OneDrive - Redgate\Documents 1\GitHub\Flyway-AutoPilot-FastTrack\flyway.toml
12:45:33.670|info   |[App] Calling "C:\Program Files\Red Gate\Flyway Desktop\flyway\flyway.cmd" "diff" "-outputType=json" "-outputProgress=true" "-skipCheckForUpdate" "-configFiles=C:\Users\andrew.pierce\OneDrive - Redgate\Documents 1\GitHub\Flyway-AutoPilot-FastTrack\flyway.toml" "-workingDirectory=C:\Users\andrew.pierce\OneDrive - Redgate\Documents 1\GitHub\Flyway-AutoPilot-FastTrack" "-schemaModelLocation=./schema-model" "-schemaModelSchemas=" "-diff.source=env:development" "-diff.target=schemaModel" "-diff.artifactFilename=C:\Users\ANDREW~1.PIE\AppData\Local\Temp\Redgate\Flyway Desktop\comparison_artifacts_Dev_SchemaModel\97ea357d-2613-4415-b434-775478105625" "-diff.buildEnvironment=shadow" "-diff.includeDefinitions=false" "-diff.includeFlywayObjects=false" "-diff.rebuild=false"
12:45:33.686|info   |[App] Calling "C:\Program Files\Red Gate\Flyway Desktop\flyway\flyway.cmd" "diff" "-outputType=json" "-outputProgress=true" "-skipCheckForUpdate" "-configFiles=C:\Users\andrew.pierce\OneDrive - Redgate\Documents 1\GitHub\Flyway-AutoPilot-FastTrack\flyway.toml" "-workingDirectory=C:\Users\andrew.pierce\OneDrive - Redgate\Documents 1\GitHub\Flyway-AutoPilot-FastTrack" "-schemaModelLocation=./schema-model" "-schemaModelSchemas=" "-diff.source=schemaModel" "-diff.target=empty" "-diff.artifactFilename=C:\Users\ANDREW~1.PIE\AppData\Local\Temp\Redgate\Flyway Desktop\comparison_artifacts_SchemaModel_Empty\97ea357d-2613-4415-b434-775478105625" "-diff.buildEnvironment=shadow" "-diff.includeDefinitions=false" "-diff.includeFlywayObjects=false" "-diff.rebuild=false"
12:45:34.194|info   |[App] git response (code 1):
12:45:34.332|info   |[App] git response (code 2): schema-model/Stored Procedures/Sales.Sales by Year.sql:8: trailing whitespace.
+FROM Orders -- orders new line - change id check
12:45:39.240|info   |[App] Calling "C:\Program Files\Red Gate\Flyway Desktop\flyway\flyway.cmd" "diffText" "-outputType=json" "-outputProgress=true" "-skipCheckForUpdate" "-configFiles=C:\Users\andrew.pierce\OneDrive - Redgate\Documents 1\GitHub\Flyway-AutoPilot-FastTrack\flyway.toml" "-workingDirectory=C:\Users\andrew.pierce\OneDrive - Redgate\Documents 1\GitHub\Flyway-AutoPilot-FastTrack" "-schemaModelLocation=./schema-model" "-schemaModelSchemas=" "-diffText.artifactFilename=C:\Users\ANDREW~1.PIE\AppData\Local\Temp\Redgate\Flyway Desktop\comparison_artifacts_SchemaModel_Empty\97ea357d-2613-4415-b434-775478105625"
12:45:41.587|info   |[App] Calling "C:\Program Files\Red Gate\Flyway Desktop\flyway\flyway.cmd" "info" "-outputType=json" "-outputProgress=true" "-skipCheckForUpdate" "-configFiles=C:\Users\andrew.pierce\OneDrive - Redgate\Documents 1\GitHub\Flyway-AutoPilot-FastTrack\flyway.toml" "-workingDirectory=C:\Users\andrew.pierce\OneDrive - Redgate\Documents 1\GitHub\Flyway-AutoPilot-FastTrack" "-schemaModelLocation=./schema-model" "-schemaModelSchemas=" "-url=jdbc:sqlite::memory:" "-user=sa" "-defaultSchema=main" "-driver="
12:45:44.382|info   |[App] git response (code 1):
12:45:44.444|info   |[App] git response (code 2): schema-model/Stored Procedures/Sales.Sales by Year.sql:8: trailing whitespace.
+FROM Orders -- orders new line - change id check
12:45:46.919|info   |[App] Calling "C:\Program Files\Red Gate\Flyway Desktop\flyway\flyway.cmd" "info" "-outputType=json" "-outputProgress=true" "-skipCheckForUpdate" "-configFiles=C:\Users\andrew.pierce\OneDrive - Redgate\Documents 1\GitHub\Flyway-AutoPilot-FastTrack\flyway.toml" "-workingDirectory=C:\Users\andrew.pierce\OneDrive - Redgate\Documents 1\GitHub\Flyway-AutoPilot-FastTrack" "-schemaModelLocation=./schema-model" "-schemaModelSchemas=" "-url=jdbc:sqlite::memory:" "-user=sa" "-defaultSchema=main" "-driver="
12:45:46.929|info   |[App] Calling "C:\Program Files\Red Gate\Flyway Desktop\flyway\flyway.cmd" "diff" "-outputType=json" "-outputProgress=true" "-skipCheckForUpdate" "-configFiles=C:\Users\andrew.pierce\OneDrive - Redgate\Documents 1\GitHub\Flyway-AutoPilot-FastTrack\flyway.toml" "-workingDirectory=C:\Users\andrew.pierce\OneDrive - Redgate\Documents 1\GitHub\Flyway-AutoPilot-FastTrack" "-schemaModelLocation=./schema-model" "-schemaModelSchemas=" "-diff.source=schemaModel" "-diff.target=migrations" "-diff.artifactFilename=C:\Users\ANDREW~1.PIE\AppData\Local\Temp\Redgate\Flyway Desktop\comparison_artifacts_SchemaModel_Migrations\97ea357d-2613-4415-b434-775478105625" "-diff.buildEnvironment=shadow" "-diff.includeDefinitions=false" "-diff.includeFlywayObjects=false" "-diff.rebuild=false"
12:45:55.870|warn   |[PUR] Unable to report PUR event: "Token has expired"
12:45:55.871|info   |[App] Calling "C:\Program Files\Red Gate\Flyway Desktop\flyway\flyway.cmd" "diffText" "-outputType=json" "-outputProgress=true" "-skipCheckForUpdate" "-configFiles=C:\Users\andrew.pierce\OneDrive - Redgate\Documents 1\GitHub\Flyway-AutoPilot-FastTrack\flyway.toml" "-workingDirectory=C:\Users\andrew.pierce\OneDrive - Redgate\Documents 1\GitHub\Flyway-AutoPilot-FastTrack" "-schemaModelLocation=./schema-model" "-schemaModelSchemas=" "-diffText.artifactFilename=C:\Users\ANDREW~1.PIE\AppData\Local\Temp\Redgate\Flyway Desktop\comparison_artifacts_SchemaModel_Migrations\97ea357d-2613-4415-b434-775478105625"
12:46:30.697|info   |[App] loading settings from C:\Users\andrew.pierce\OneDrive - Redgate\Documents 1\GitHub\Flyway-AutoPilot-FastTrack\flyway.toml
12:46:30.964|info   |[App] git response (code 1):
12:46:31.035|info   |[App] git response (code 2): schema-model/Stored Procedures/Sales.Sales by Year.sql:8: trailing whitespace.
+FROM Orders -- orders new line - change id check
12:50:23.451|info   |[App] loading settings from C:\Users\andrew.pierce\OneDrive - Redgate\Documents 1\GitHub\Flyway-AutoPilot-FastTrack\flyway.toml
12:50:23.758|info   |[App] git response (code 1):
12:50:23.827|info   |[App] git response (code 2): schema-model/Stored Procedures/Sales.Sales by Year.sql:8: trailing whitespace.
+FROM Orders -- orders new line - change id check
12:51:32.467|info   |[App] loading settings from C:\Users\andrew.pierce\OneDrive - Redgate\Documents 1\GitHub\Flyway-AutoPilot-FastTrack\flyway.toml
12:51:32.931|info   |[App] git response (code 1):
12:51:33.051|info   |[App] git response (code 2): schema-model/Stored Procedures/Sales.Sales by Year.sql:8: trailing whitespace.
+FROM Orders -- orders new line - change id check
13:19:50.243|info   |[App] loading settings from C:\Users\andrew.pierce\OneDrive - Redgate\Documents 1\GitHub\Flyway-AutoPilot-FastTrack\flyway.toml
13:19:50.558|info   |[App] git response (code 1):
13:19:50.655|info   |[App] git response (code 2): schema-model/Stored Procedures/Sales.Sales by Year.sql:8: trailing whitespace.
+FROM Orders -- orders new line - change id check
13:20:03.666|info   |[App] Calling "C:\Program Files\Red Gate\Flyway Desktop\flyway\flyway.cmd" "generate" "-outputType=json" "-outputProgress=true" "-skipCheckForUpdate" "-configFiles=C:\Users\andrew.pierce\OneDrive - Redgate\Documents 1\GitHub\Flyway-AutoPilot-FastTrack\flyway.toml" "-workingDirectory=C:\Users\andrew.pierce\OneDrive - Redgate\Documents 1\GitHub\Flyway-AutoPilot-FastTrack" "-schemaModelLocation=./schema-model" "-schemaModelSchemas=" "-generate.artifactFilename=C:\Users\ANDREW~1.PIE\AppData\Local\Temp\Redgate\Flyway Desktop\comparison_artifacts_SchemaModel_Migrations\97ea357d-2613-4415-b434-775478105625" "-generate.location=C:\Users\ANDREW~1.PIE\AppData\Local\Temp\Redgate\Flyway Desktop\generated_scripts\97ea357d-2613-4415-b434-775478105625\migrations" "-generate.changes=-" "-generate.types=versioned,undo" "-generate.repeatableObjectTypes=" "-generate.force=true" "-generate.description=andrew_pierce"
13:20:14.014|info   |[App] Calling "C:\Program Files\Red Gate\Flyway Desktop\flyway\flyway.cmd" "parseMigrationName" "-outputType=json" "-outputProgress=true" "-skipCheckForUpdate" "-configFiles=C:\Users\andrew.pierce\OneDrive - Redgate\Documents 1\GitHub\Flyway-AutoPilot-FastTrack\flyway.toml" "-workingDirectory=C:\Users\andrew.pierce\OneDrive - Redgate\Documents 1\GitHub\Flyway-AutoPilot-FastTrack" "-schemaModelLocation=./schema-model" "-schemaModelSchemas=" "-parseMigrationName.migrationName=V007__andrew_pierce.sql"
13:20:17.412|info   |[App] Calling "C:\Program Files\Red Gate\Flyway Desktop\flyway\flyway.cmd" "parseMigrationName" "-outputType=json" "-outputProgress=true" "-skipCheckForUpdate" "-configFiles=C:\Users\andrew.pierce\OneDrive - Redgate\Documents 1\GitHub\Flyway-AutoPilot-FastTrack\flyway.toml" "-workingDirectory=C:\Users\andrew.pierce\OneDrive - Redgate\Documents 1\GitHub\Flyway-AutoPilot-FastTrack" "-schemaModelLocation=./schema-model" "-schemaModelSchemas=" "-parseMigrationName.migrationName=U007__andrew_pierce.sql"
13:20:42.289|info   |[App] Calling "C:\Program Files\Red Gate\Flyway Desktop\flyway\flyway.cmd" "constructMigrationName" "-outputType=json" "-outputProgress=true" "-skipCheckForUpdate" "-configFiles=C:\Users\andrew.pierce\OneDrive - Redgate\Documents 1\GitHub\Flyway-AutoPilot-FastTrack\flyway.toml" "-workingDirectory=C:\Users\andrew.pierce\OneDrive - Redgate\Documents 1\GitHub\Flyway-AutoPilot-FastTrack" "-schemaModelLocation=./schema-model" "-schemaModelSchemas=" "-constructMigrationName.type=versioned" "-constructMigrationName.version=007" "-constructMigrationName.description=Add_Colour5_to_Products,_update_Sales_by_Year_procedure,_create_MissionDetail_table_and_add_Region_data" "-constructMigrationName.suffix=.sql"
13:20:46.088|info   |[App] Calling "C:\Program Files\Red Gate\Flyway Desktop\flyway\flyway.cmd" "constructMigrationName" "-outputType=json" "-outputProgress=true" "-skipCheckForUpdate" "-configFiles=C:\Users\andrew.pierce\OneDrive - Redgate\Documents 1\GitHub\Flyway-AutoPilot-FastTrack\flyway.toml" "-workingDirectory=C:\Users\andrew.pierce\OneDrive - Redgate\Documents 1\GitHub\Flyway-AutoPilot-FastTrack" "-schemaModelLocation=./schema-model" "-schemaModelSchemas=" "-constructMigrationName.type=undo" "-constructMigrationName.version=007" "-constructMigrationName.description=UNDO-Add_Colour5_to_Products,_update_Sales_by_Year_procedure,_create_MissionDetail_table_and_add_Region_data" "-constructMigrationName.suffix=.sql"
13:20:49.114|info   |[App] Calling "C:\Program Files\Red Gate\Flyway Desktop\flyway\flyway.cmd" "parseMigrationName" "-outputType=json" "-outputProgress=true" "-skipCheckForUpdate" "-configFiles=C:\Users\andrew.pierce\OneDrive - Redgate\Documents 1\GitHub\Flyway-AutoPilot-FastTrack\flyway.toml" "-workingDirectory=C:\Users\andrew.pierce\OneDrive - Redgate\Documents 1\GitHub\Flyway-AutoPilot-FastTrack" "-schemaModelLocation=./schema-model" "-schemaModelSchemas=" "-parseMigrationName.migrationName=V007__Add_Colour5_to_Products,_update_Sales_by_Year_procedure,_create_MissionDetail_table_and_add_Region_data.sql"
13:20:52.730|info   |[App] Calling "C:\Program Files\Red Gate\Flyway Desktop\flyway\flyway.cmd" "parseMigrationName" "-outputType=json" "-outputProgress=true" "-skipCheckForUpdate" "-configFiles=C:\Users\andrew.pierce\OneDrive - Redgate\Documents 1\GitHub\Flyway-AutoPilot-FastTrack\flyway.toml" "-workingDirectory=C:\Users\andrew.pierce\OneDrive - Redgate\Documents 1\GitHub\Flyway-AutoPilot-FastTrack" "-schemaModelLocation=./schema-model" "-schemaModelSchemas=" "-parseMigrationName.migrationName=V007__Add_Colour5_to_Products,_update_Sales_by_Year_procedure,_create_MissionDetail_table_and_add_Region_data.sql"
13:20:52.736|info   |[App] Calling "C:\Program Files\Red Gate\Flyway Desktop\flyway\flyway.cmd" "parseMigrationName" "-outputType=json" "-outputProgress=true" "-skipCheckForUpdate" "-configFiles=C:\Users\andrew.pierce\OneDrive - Redgate\Documents 1\GitHub\Flyway-AutoPilot-FastTrack\flyway.toml" "-workingDirectory=C:\Users\andrew.pierce\OneDrive - Redgate\Documents 1\GitHub\Flyway-AutoPilot-FastTrack" "-schemaModelLocation=./schema-model" "-schemaModelSchemas=" "-parseMigrationName.migrationName=U007__UNDO-Add_Colour5_to_Products,_update_Sales_by_Year_procedure,_create_MissionDetail_table_and_add_Region_data.sql"
13:20:55.454|info   |[App] loading settings from C:\Users\andrew.pierce\OneDrive - Redgate\Documents 1\GitHub\Flyway-AutoPilot-FastTrack\flyway.toml
13:20:55.993|info   |[App] git response (code 1):
13:20:56.141|info   |[App] git response (code 2): schema-model/Stored Procedures/Sales.Sales by Year.sql:8: trailing whitespace.
+FROM Orders -- orders new line - change id check
13:20:57.604|info   |[App] git response (code 1):
13:20:57.679|info   |[App] git response (code 2): schema-model/Stored Procedures/Sales.Sales by Year.sql:8: trailing whitespace.
+FROM Orders -- orders new line - change id check
13:21:00.234|info   |[App] Calling "C:\Program Files\Red Gate\Flyway Desktop\flyway\flyway.cmd" "info" "-outputType=json" "-outputProgress=true" "-skipCheckForUpdate" "-configFiles=C:\Users\andrew.pierce\OneDrive - Redgate\Documents 1\GitHub\Flyway-AutoPilot-FastTrack\flyway.toml" "-workingDirectory=C:\Users\andrew.pierce\OneDrive - Redgate\Documents 1\GitHub\Flyway-AutoPilot-FastTrack" "-schemaModelLocation=./schema-model" "-schemaModelSchemas=" "-url=jdbc:sqlite::memory:" "-user=sa" "-defaultSchema=main" "-driver="
13:21:00.245|info   |[App] Calling "C:\Program Files\Red Gate\Flyway Desktop\flyway\flyway.cmd" "diff" "-outputType=json" "-outputProgress=true" "-skipCheckForUpdate" "-configFiles=C:\Users\andrew.pierce\OneDrive - Redgate\Documents 1\GitHub\Flyway-AutoPilot-FastTrack\flyway.toml" "-workingDirectory=C:\Users\andrew.pierce\OneDrive - Redgate\Documents 1\GitHub\Flyway-AutoPilot-FastTrack" "-schemaModelLocation=./schema-model" "-schemaModelSchemas=" "-diff.source=schemaModel" "-diff.target=migrations" "-diff.artifactFilename=C:\Users\ANDREW~1.PIE\AppData\Local\Temp\Redgate\Flyway Desktop\comparison_artifacts_SchemaModel_Migrations\97ea357d-2613-4415-b434-775478105625" "-diff.buildEnvironment=shadow" "-diff.includeDefinitions=false" "-diff.includeFlywayObjects=false" "-diff.rebuild=false"
13:21:13.509|warn   |[PUR] Unable to report PUR event: "Token has expired"
